-------------------------------------------------------------------------------
Test set: com.ssafy.happyhouse.SSAFYGGApiApplicationTests
-------------------------------------------------------------------------------
Tests run: 1, Failures: 0, Errors: 1, Skipped: 0, Time elapsed: 0.362 s <<< FAILURE! - in com.ssafy.happyhouse.SSAFYGGApiApplicationTests
com.ssafy.happyhouse.SSAFYGGApiApplicationTests  Time elapsed: 0.361 s  <<< ERROR!
java.lang.IllegalStateException: Unable to find a @SpringBootConfiguration, you need to use @ContextConfiguration or @SpringBootTest(classes=...) with your test

